<?xml version="1.0" encoding="UTF-8"?>
<testng-results ignored="0" total="1" passed="1" failed="0" skipped="0">
  <reporter-output>
  </reporter-output>
  <suite started-at="2020-03-02T20:56:36 EST" name="Default suite" finished-at="2020-03-02T20:56:39 EST" duration-ms="2848">
    <groups>
    </groups>
    <test started-at="2020-03-02T20:56:36 EST" name="Default test" finished-at="2020-03-02T20:56:39 EST" duration-ms="2848">
      <class name="NewTest">
        <test-method is-config="true" signature="beforeTest()[pri:0, instance:NewTest@105fece7]" started-at="2020-03-02T20:56:36 EST" name="beforeTest" finished-at="2020-03-02T20:56:38 EST" duration-ms="2377" status="PASS">
          <reporter-output>
          </reporter-output>
        </test-method> <!-- beforeTest -->
        <test-method signature="canLogIn()[pri:0, instance:NewTest@105fece7]" started-at="2020-03-02T20:56:38 EST" name="canLogIn" finished-at="2020-03-02T20:56:39 EST" duration-ms="442" status="PASS">
          <reporter-output>
          </reporter-output>
        </test-method> <!-- canLogIn -->
        <test-method is-config="true" signature="afterTest()[pri:0, instance:NewTest@105fece7]" started-at="2020-03-02T20:56:39 EST" name="afterTest" finished-at="2020-03-02T20:56:39 EST" duration-ms="1" status="PASS">
          <reporter-output>
          </reporter-output>
        </test-method> <!-- afterTest -->
      </class> <!-- NewTest -->
    </test> <!-- Default test -->
  </suite> <!-- Default suite -->
</testng-results>
