<?xml version="1.0" encoding="UTF-8"?>
<testng-results ignored="0" total="2" passed="2" failed="0" skipped="0">
  <reporter-output>
  </reporter-output>
  <suite started-at="2020-03-01T21:31:34 EST" name="Default suite" finished-at="2020-03-01T21:31:39 EST" duration-ms="4190">
    <groups>
    </groups>
    <test started-at="2020-03-01T21:31:34 EST" name="Default test" finished-at="2020-03-01T21:31:39 EST" duration-ms="4190">
      <class name="NewTest">
        <test-method is-config="true" signature="beforeTest()[pri:0, instance:NewTest@3ec300f1]" started-at="2020-03-01T21:31:34 EST" name="beforeTest" finished-at="2020-03-01T21:31:38 EST" duration-ms="4003" status="PASS">
          <reporter-output>
          </reporter-output>
        </test-method> <!-- beforeTest -->
        <test-method signature="canClickButton()[pri:0, instance:NewTest@3ec300f1]" started-at="2020-03-01T21:31:38 EST" name="canClickButton" finished-at="2020-03-01T21:31:38 EST" duration-ms="69" status="PASS">
          <reporter-output>
          </reporter-output>
        </test-method> <!-- canClickButton -->
        <test-method signature="launchChromeDriver()[pri:0, instance:NewTest@3ec300f1]" started-at="2020-03-01T21:31:38 EST" name="launchChromeDriver" finished-at="2020-03-01T21:31:38 EST" duration-ms="8" status="PASS">
          <reporter-output>
          </reporter-output>
        </test-method> <!-- launchChromeDriver -->
        <test-method is-config="true" signature="afterTest()[pri:0, instance:NewTest@3ec300f1]" started-at="2020-03-01T21:31:38 EST" name="afterTest" finished-at="2020-03-01T21:31:39 EST" duration-ms="87" status="PASS">
          <reporter-output>
          </reporter-output>
        </test-method> <!-- afterTest -->
      </class> <!-- NewTest -->
    </test> <!-- Default test -->
  </suite> <!-- Default suite -->
</testng-results>
